Arguments: 
  /usr/local/bin/node /opt/yarn-v1.22.19/bin/yarn.js add bootstrap

PATH: 
  /opt/git/bin:/vscode/1.89.1.24130/bin/remote-cli:/opt/git/bin:/opt/git/bin:/usr/local/share/nvm/current/bin:/usr/local/share/npm-global/bin:/usr/local/sbin:/usr/local/bin:/usr/sbin:/usr/bin:/sbin:/bin:/root/.local/bin

Yarn version: 
  1.22.19

Node version: 
  20.12.0

Platform: 
  linux x64

Trace: 
  Error: ENOENT: no such file or directory, copyfile '/root/.cache/yarn/v6/npm-ignore-7.0.5-4cb5f6cd7d4c7ab0365738c7aea888baa6d7efd9-integrity/node_modules/ignore/LICENSE-MIT' -> '/project/workspace/node_modules/@typescript-eslint/eslint-plugin/node_modules/ignore/LICENSE-MIT'

npm manifest: 
  {
    "name": "nextjs",
    "version": "0.1.0",
    "private": true,
    "scripts": {
      "dev": "next dev --turbopack",
      "build": "next build",
      "start": "next start",
      "lint": "next lint"
    },
    "dependencies": {
      "next": "15.2.0",
      "react": "19.0.0",
      "react-dom": "19.0.0"
    },
    "devDependencies": {
      "@eslint/eslintrc": "^3",
      "@types/node": "^20",
      "@types/react": "19.0.10",
      "@types/react-dom": "19.0.4",
      "eslint": "^9",
      "eslint-config-next": "15.2.0",
      "postcss": "^8",
      "tailwindcss": "^3.4.1",
      "typescript": "^5"
    },
    "pnpm": {
      "overrides": {
        "@types/react": "19.0.10",
        "@types/react-dom": "19.0.4"
      }
    }
  }

yarn manifest: 
  No manifest

Lockfile: 
  No lockfile
